CRITICAL - 2024-12-11 11:06:36 --> Call to undefined function form_error()
in APPPATH\Views\_front-pages\_contacte-nos\form.php on line 46.
 1 SYSTEMPATH\View\View.php(213): include()
 2 SYSTEMPATH\View\View.php(216): CodeIgniter\View\View->CodeIgniter\View\{closure}()
 3 SYSTEMPATH\Common.php(1184): CodeIgniter\View\View->render('_front-pages/_contacte-nos/form', [], true)
 4 APPPATH\Views\contacte-nos.php(29): view('_front-pages/_contacte-nos/form')
 5 SYSTEMPATH\View\View.php(213): include('APPPATH\\Views\\contacte-nos.php')
 6 SYSTEMPATH\View\View.php(216): CodeIgniter\View\View->CodeIgniter\View\{closure}()
 7 SYSTEMPATH\Common.php(1184): CodeIgniter\View\View->render('contacte-nos', [], true)
 8 APPPATH\Controllers\Home.php(44): view('contacte-nos', [...])
 9 SYSTEMPATH\CodeIgniter.php(934): App\Controllers\Home->contactos()
10 SYSTEMPATH\CodeIgniter.php(499): CodeIgniter\CodeIgniter->runController(Object(App\Controllers\Home))
11 SYSTEMPATH\CodeIgniter.php(368): CodeIgniter\CodeIgniter->handleRequest(null, Object(Config\Cache), false)
12 FCPATH\index.php(67): CodeIgniter\CodeIgniter->run()
CRITICAL - 2024-12-11 11:09:54 --> Undefined property: CodeIgniter\Autoloader\Autoloader::$load
in APPPATH\Controllers\Home.php on line 5.
 1 APPPATH\Controllers\Home.php(5): CodeIgniter\Debug\Exceptions->errorHandler(2, 'Undefined property: CodeIgniter\\Autoloader\\Autoloader::$load', 'APPPATH\\Controllers\\Home.php', 5)
 2 SYSTEMPATH\Autoloader\Autoloader.php(312): include_once('APPPATH\\Controllers\\Home.php')
 3 SYSTEMPATH\Autoloader\Autoloader.php(289): CodeIgniter\Autoloader\Autoloader->includeFile('APPPATH\\Controllers\\Home.php')
 4 SYSTEMPATH\Autoloader\Autoloader.php(267): CodeIgniter\Autoloader\Autoloader->loadInNamespace('App\\Controllers\\Home')
 5 [internal function]: CodeIgniter\Autoloader\Autoloader->loadClass('App\\Controllers\\Home')
 6 SYSTEMPATH\CodeIgniter.php(892): class_exists('\\App\\Controllers\\Home', true)
 7 SYSTEMPATH\CodeIgniter.php(486): CodeIgniter\CodeIgniter->startController()
 8 SYSTEMPATH\CodeIgniter.php(368): CodeIgniter\CodeIgniter->handleRequest(null, Object(Config\Cache), false)
 9 FCPATH\index.php(67): CodeIgniter\CodeIgniter->run()
CRITICAL - 2024-12-11 11:10:12 --> Call to undefined function App\Controllers\library()
in APPPATH\Controllers\Home.php on line 5.
 1 SYSTEMPATH\Autoloader\Autoloader.php(312): include_once()
 2 SYSTEMPATH\Autoloader\Autoloader.php(289): CodeIgniter\Autoloader\Autoloader->includeFile('APPPATH\\Controllers\\Home.php')
 3 SYSTEMPATH\Autoloader\Autoloader.php(267): CodeIgniter\Autoloader\Autoloader->loadInNamespace('App\\Controllers\\Home')
 4 [internal function]: CodeIgniter\Autoloader\Autoloader->loadClass('App\\Controllers\\Home')
 5 SYSTEMPATH\CodeIgniter.php(892): class_exists('\\App\\Controllers\\Home', true)
 6 SYSTEMPATH\CodeIgniter.php(486): CodeIgniter\CodeIgniter->startController()
 7 SYSTEMPATH\CodeIgniter.php(368): CodeIgniter\CodeIgniter->handleRequest(null, Object(Config\Cache), false)
 8 FCPATH\index.php(67): CodeIgniter\CodeIgniter->run()
CRITICAL - 2024-12-11 11:12:37 --> Cannot call constructor
in APPPATH\Controllers\Home.php on line 10.
 1 SYSTEMPATH\CodeIgniter.php(906): App\Controllers\Home->__construct()
 2 SYSTEMPATH\CodeIgniter.php(490): CodeIgniter\CodeIgniter->createController()
 3 SYSTEMPATH\CodeIgniter.php(368): CodeIgniter\CodeIgniter->handleRequest(null, Object(Config\Cache), false)
 4 FCPATH\index.php(67): CodeIgniter\CodeIgniter->run()
CRITICAL - 2024-12-11 11:13:50 --> Call to undefined function form_error()
in APPPATH\Views\_front-pages\_contacte-nos\form.php on line 46.
 1 SYSTEMPATH\View\View.php(213): include()
 2 SYSTEMPATH\View\View.php(216): CodeIgniter\View\View->CodeIgniter\View\{closure}()
 3 SYSTEMPATH\Common.php(1184): CodeIgniter\View\View->render('_front-pages/_contacte-nos/form', [], true)
 4 APPPATH\Views\contacte-nos.php(29): view('_front-pages/_contacte-nos/form')
 5 SYSTEMPATH\View\View.php(213): include('APPPATH\\Views\\contacte-nos.php')
 6 SYSTEMPATH\View\View.php(216): CodeIgniter\View\View->CodeIgniter\View\{closure}()
 7 SYSTEMPATH\Common.php(1184): CodeIgniter\View\View->render('contacte-nos', [], true)
 8 APPPATH\Controllers\Home.php(46): view('contacte-nos', [...])
 9 SYSTEMPATH\CodeIgniter.php(934): App\Controllers\Home->contactos()
10 SYSTEMPATH\CodeIgniter.php(499): CodeIgniter\CodeIgniter->runController(Object(App\Controllers\Home))
11 SYSTEMPATH\CodeIgniter.php(368): CodeIgniter\CodeIgniter->handleRequest(null, Object(Config\Cache), false)
12 FCPATH\index.php(67): CodeIgniter\CodeIgniter->run()
CRITICAL - 2024-12-11 12:10:54 --> syntax error, unexpected token ";"
in APPPATH\Views\_front-pages\_contacte-nos\form.php on line 46.
 1 SYSTEMPATH\View\View.php(216): CodeIgniter\View\View->CodeIgniter\View\{closure}()
 2 SYSTEMPATH\Common.php(1184): CodeIgniter\View\View->render('_front-pages/_contacte-nos/form', [], true)
 3 APPPATH\Views\contacte-nos.php(29): view('_front-pages/_contacte-nos/form')
 4 SYSTEMPATH\View\View.php(213): include('APPPATH\\Views\\contacte-nos.php')
 5 SYSTEMPATH\View\View.php(216): CodeIgniter\View\View->CodeIgniter\View\{closure}()
 6 SYSTEMPATH\Common.php(1184): CodeIgniter\View\View->render('contacte-nos', [], true)
 7 APPPATH\Controllers\Home.php(73): view('contacte-nos', [...])
 8 SYSTEMPATH\CodeIgniter.php(934): App\Controllers\Home->contactos()
 9 SYSTEMPATH\CodeIgniter.php(499): CodeIgniter\CodeIgniter->runController(Object(App\Controllers\Home))
10 SYSTEMPATH\CodeIgniter.php(368): CodeIgniter\CodeIgniter->handleRequest(null, Object(Config\Cache), false)
11 FCPATH\index.php(67): CodeIgniter\CodeIgniter->run()
CRITICAL - 2024-12-11 12:11:50 --> syntax error, unexpected token ";"
in APPPATH\Views\_front-pages\_contacte-nos\form.php on line 42.
 1 SYSTEMPATH\View\View.php(216): CodeIgniter\View\View->CodeIgniter\View\{closure}()
 2 SYSTEMPATH\Common.php(1184): CodeIgniter\View\View->render('_front-pages/_contacte-nos/form', [], true)
 3 APPPATH\Views\contacte-nos.php(29): view('_front-pages/_contacte-nos/form')
 4 SYSTEMPATH\View\View.php(213): include('APPPATH\\Views\\contacte-nos.php')
 5 SYSTEMPATH\View\View.php(216): CodeIgniter\View\View->CodeIgniter\View\{closure}()
 6 SYSTEMPATH\Common.php(1184): CodeIgniter\View\View->render('contacte-nos', [], true)
 7 APPPATH\Controllers\Home.php(73): view('contacte-nos', [...])
 8 SYSTEMPATH\CodeIgniter.php(934): App\Controllers\Home->contactos()
 9 SYSTEMPATH\CodeIgniter.php(499): CodeIgniter\CodeIgniter->runController(Object(App\Controllers\Home))
10 SYSTEMPATH\CodeIgniter.php(368): CodeIgniter\CodeIgniter->handleRequest(null, Object(Config\Cache), false)
11 FCPATH\index.php(67): CodeIgniter\CodeIgniter->run()
CRITICAL - 2024-12-11 12:11:51 --> syntax error, unexpected token ";"
in APPPATH\Views\_front-pages\_contacte-nos\form.php on line 42.
 1 SYSTEMPATH\View\View.php(216): CodeIgniter\View\View->CodeIgniter\View\{closure}()
 2 SYSTEMPATH\Common.php(1184): CodeIgniter\View\View->render('_front-pages/_contacte-nos/form', [], true)
 3 APPPATH\Views\contacte-nos.php(29): view('_front-pages/_contacte-nos/form')
 4 SYSTEMPATH\View\View.php(213): include('APPPATH\\Views\\contacte-nos.php')
 5 SYSTEMPATH\View\View.php(216): CodeIgniter\View\View->CodeIgniter\View\{closure}()
 6 SYSTEMPATH\Common.php(1184): CodeIgniter\View\View->render('contacte-nos', [], true)
 7 APPPATH\Controllers\Home.php(73): view('contacte-nos', [...])
 8 SYSTEMPATH\CodeIgniter.php(934): App\Controllers\Home->contactos()
 9 SYSTEMPATH\CodeIgniter.php(499): CodeIgniter\CodeIgniter->runController(Object(App\Controllers\Home))
10 SYSTEMPATH\CodeIgniter.php(368): CodeIgniter\CodeIgniter->handleRequest(null, Object(Config\Cache), false)
11 FCPATH\index.php(67): CodeIgniter\CodeIgniter->run()
CRITICAL - 2024-12-11 12:12:48 --> syntax error, unexpected token ";"
in APPPATH\Views\_front-pages\_contacte-nos\form.php on line 42.
 1 SYSTEMPATH\View\View.php(216): CodeIgniter\View\View->CodeIgniter\View\{closure}()
 2 SYSTEMPATH\Common.php(1184): CodeIgniter\View\View->render('_front-pages/_contacte-nos/form', [], true)
 3 APPPATH\Views\contacte-nos.php(29): view('_front-pages/_contacte-nos/form')
 4 SYSTEMPATH\View\View.php(213): include('APPPATH\\Views\\contacte-nos.php')
 5 SYSTEMPATH\View\View.php(216): CodeIgniter\View\View->CodeIgniter\View\{closure}()
 6 SYSTEMPATH\Common.php(1184): CodeIgniter\View\View->render('contacte-nos', [], true)
 7 APPPATH\Controllers\Home.php(73): view('contacte-nos', [...])
 8 SYSTEMPATH\CodeIgniter.php(934): App\Controllers\Home->contactos()
 9 SYSTEMPATH\CodeIgniter.php(499): CodeIgniter\CodeIgniter->runController(Object(App\Controllers\Home))
10 SYSTEMPATH\CodeIgniter.php(368): CodeIgniter\CodeIgniter->handleRequest(null, Object(Config\Cache), false)
11 FCPATH\index.php(67): CodeIgniter\CodeIgniter->run()
CRITICAL - 2024-12-11 12:12:49 --> syntax error, unexpected token ";"
in APPPATH\Views\_front-pages\_contacte-nos\form.php on line 42.
 1 SYSTEMPATH\View\View.php(216): CodeIgniter\View\View->CodeIgniter\View\{closure}()
 2 SYSTEMPATH\Common.php(1184): CodeIgniter\View\View->render('_front-pages/_contacte-nos/form', [], true)
 3 APPPATH\Views\contacte-nos.php(29): view('_front-pages/_contacte-nos/form')
 4 SYSTEMPATH\View\View.php(213): include('APPPATH\\Views\\contacte-nos.php')
 5 SYSTEMPATH\View\View.php(216): CodeIgniter\View\View->CodeIgniter\View\{closure}()
 6 SYSTEMPATH\Common.php(1184): CodeIgniter\View\View->render('contacte-nos', [], true)
 7 APPPATH\Controllers\Home.php(73): view('contacte-nos', [...])
 8 SYSTEMPATH\CodeIgniter.php(934): App\Controllers\Home->contactos()
 9 SYSTEMPATH\CodeIgniter.php(499): CodeIgniter\CodeIgniter->runController(Object(App\Controllers\Home))
10 SYSTEMPATH\CodeIgniter.php(368): CodeIgniter\CodeIgniter->handleRequest(null, Object(Config\Cache), false)
11 FCPATH\index.php(67): CodeIgniter\CodeIgniter->run()
CRITICAL - 2024-12-11 12:12:49 --> syntax error, unexpected token ";"
in APPPATH\Views\_front-pages\_contacte-nos\form.php on line 42.
 1 SYSTEMPATH\View\View.php(216): CodeIgniter\View\View->CodeIgniter\View\{closure}()
 2 SYSTEMPATH\Common.php(1184): CodeIgniter\View\View->render('_front-pages/_contacte-nos/form', [], true)
 3 APPPATH\Views\contacte-nos.php(29): view('_front-pages/_contacte-nos/form')
 4 SYSTEMPATH\View\View.php(213): include('APPPATH\\Views\\contacte-nos.php')
 5 SYSTEMPATH\View\View.php(216): CodeIgniter\View\View->CodeIgniter\View\{closure}()
 6 SYSTEMPATH\Common.php(1184): CodeIgniter\View\View->render('contacte-nos', [], true)
 7 APPPATH\Controllers\Home.php(73): view('contacte-nos', [...])
 8 SYSTEMPATH\CodeIgniter.php(934): App\Controllers\Home->contactos()
 9 SYSTEMPATH\CodeIgniter.php(499): CodeIgniter\CodeIgniter->runController(Object(App\Controllers\Home))
10 SYSTEMPATH\CodeIgniter.php(368): CodeIgniter\CodeIgniter->handleRequest(null, Object(Config\Cache), false)
11 FCPATH\index.php(67): CodeIgniter\CodeIgniter->run()
CRITICAL - 2024-12-11 12:35:05 --> syntax error, unexpected end of file
in APPPATH\Views\_front-pages\_contacte-nos\form.php on line 74.
 1 SYSTEMPATH\View\View.php(216): CodeIgniter\View\View->CodeIgniter\View\{closure}()
 2 SYSTEMPATH\Common.php(1184): CodeIgniter\View\View->render('_front-pages/_contacte-nos/form', [], true)
 3 APPPATH\Views\contacte-nos.php(29): view('_front-pages/_contacte-nos/form')
 4 SYSTEMPATH\View\View.php(213): include('APPPATH\\Views\\contacte-nos.php')
 5 SYSTEMPATH\View\View.php(216): CodeIgniter\View\View->CodeIgniter\View\{closure}()
 6 SYSTEMPATH\Common.php(1184): CodeIgniter\View\View->render('contacte-nos', [], true)
 7 APPPATH\Controllers\Home.php(73): view('contacte-nos', [...])
 8 SYSTEMPATH\CodeIgniter.php(934): App\Controllers\Home->contactos()
 9 SYSTEMPATH\CodeIgniter.php(499): CodeIgniter\CodeIgniter->runController(Object(App\Controllers\Home))
10 SYSTEMPATH\CodeIgniter.php(368): CodeIgniter\CodeIgniter->handleRequest(null, Object(Config\Cache), false)
11 FCPATH\index.php(67): CodeIgniter\CodeIgniter->run()
CRITICAL - 2024-12-11 12:35:54 --> Undefined variable $data
in APPPATH\Views\_front-pages\_contacte-nos\form.php on line 70.
 1 APPPATH\Views\_front-pages\_contacte-nos\form.php(70): CodeIgniter\Debug\Exceptions->errorHandler(2, 'Undefined variable $data', 'APPPATH\\Views\\_front-pages\\_contacte-nos\\form.php', 70)
 2 SYSTEMPATH\View\View.php(213): include('APPPATH\\Views\\_front-pages\\_contacte-nos\\form.php')
 3 SYSTEMPATH\View\View.php(216): CodeIgniter\View\View->CodeIgniter\View\{closure}()
 4 SYSTEMPATH\Common.php(1184): CodeIgniter\View\View->render('_front-pages/_contacte-nos/form', [], true)
 5 APPPATH\Views\contacte-nos.php(29): view('_front-pages/_contacte-nos/form')
 6 SYSTEMPATH\View\View.php(213): include('APPPATH\\Views\\contacte-nos.php')
 7 SYSTEMPATH\View\View.php(216): CodeIgniter\View\View->CodeIgniter\View\{closure}()
 8 SYSTEMPATH\Common.php(1184): CodeIgniter\View\View->render('contacte-nos', [], true)
 9 APPPATH\Controllers\Home.php(73): view('contacte-nos', [...])
10 SYSTEMPATH\CodeIgniter.php(934): App\Controllers\Home->contactos()
11 SYSTEMPATH\CodeIgniter.php(499): CodeIgniter\CodeIgniter->runController(Object(App\Controllers\Home))
12 SYSTEMPATH\CodeIgniter.php(368): CodeIgniter\CodeIgniter->handleRequest(null, Object(Config\Cache), false)
13 FCPATH\index.php(67): CodeIgniter\CodeIgniter->run()
CRITICAL - 2024-12-11 12:38:18 --> Undefined variable $data
in APPPATH\Views\_front-pages\_contacte-nos\form.php on line 70.
 1 APPPATH\Views\_front-pages\_contacte-nos\form.php(70): CodeIgniter\Debug\Exceptions->errorHandler(2, 'Undefined variable $data', 'APPPATH\\Views\\_front-pages\\_contacte-nos\\form.php', 70)
 2 SYSTEMPATH\View\View.php(213): include('APPPATH\\Views\\_front-pages\\_contacte-nos\\form.php')
 3 SYSTEMPATH\View\View.php(216): CodeIgniter\View\View->CodeIgniter\View\{closure}()
 4 SYSTEMPATH\Common.php(1184): CodeIgniter\View\View->render('_front-pages/_contacte-nos/form', [], true)
 5 APPPATH\Views\contacte-nos.php(29): view('_front-pages/_contacte-nos/form')
 6 SYSTEMPATH\View\View.php(213): include('APPPATH\\Views\\contacte-nos.php')
 7 SYSTEMPATH\View\View.php(216): CodeIgniter\View\View->CodeIgniter\View\{closure}()
 8 SYSTEMPATH\Common.php(1184): CodeIgniter\View\View->render('contacte-nos', [], true)
 9 APPPATH\Controllers\Home.php(73): view('contacte-nos', [...])
10 SYSTEMPATH\CodeIgniter.php(934): App\Controllers\Home->contactos()
11 SYSTEMPATH\CodeIgniter.php(499): CodeIgniter\CodeIgniter->runController(Object(App\Controllers\Home))
12 SYSTEMPATH\CodeIgniter.php(368): CodeIgniter\CodeIgniter->handleRequest(null, Object(Config\Cache), false)
13 FCPATH\index.php(67): CodeIgniter\CodeIgniter->run()
CRITICAL - 2024-12-11 12:39:02 --> Cannot use [] for reading
in APPPATH\Views\_front-pages\_contacte-nos\form.php on line 70.
 1 [internal function]: CodeIgniter\Debug\Exceptions->shutdownHandler()
CRITICAL - 2024-12-11 12:39:34 --> Undefined variable $validation
in APPPATH\Views\_front-pages\_contacte-nos\form.php on line 70.
 1 APPPATH\Views\_front-pages\_contacte-nos\form.php(70): CodeIgniter\Debug\Exceptions->errorHandler(2, 'Undefined variable $validation', 'APPPATH\\Views\\_front-pages\\_contacte-nos\\form.php', 70)
 2 SYSTEMPATH\View\View.php(213): include('APPPATH\\Views\\_front-pages\\_contacte-nos\\form.php')
 3 SYSTEMPATH\View\View.php(216): CodeIgniter\View\View->CodeIgniter\View\{closure}()
 4 SYSTEMPATH\Common.php(1184): CodeIgniter\View\View->render('_front-pages/_contacte-nos/form', [], true)
 5 APPPATH\Views\contacte-nos.php(29): view('_front-pages/_contacte-nos/form')
 6 SYSTEMPATH\View\View.php(213): include('APPPATH\\Views\\contacte-nos.php')
 7 SYSTEMPATH\View\View.php(216): CodeIgniter\View\View->CodeIgniter\View\{closure}()
 8 SYSTEMPATH\Common.php(1184): CodeIgniter\View\View->render('contacte-nos', [], true)
 9 APPPATH\Controllers\Home.php(73): view('contacte-nos', [...])
10 SYSTEMPATH\CodeIgniter.php(934): App\Controllers\Home->contactos()
11 SYSTEMPATH\CodeIgniter.php(499): CodeIgniter\CodeIgniter->runController(Object(App\Controllers\Home))
12 SYSTEMPATH\CodeIgniter.php(368): CodeIgniter\CodeIgniter->handleRequest(null, Object(Config\Cache), false)
13 FCPATH\index.php(67): CodeIgniter\CodeIgniter->run()
CRITICAL - 2024-12-11 12:46:20 --> Undefined variable $data
in APPPATH\Views\_front-pages\_contacte-nos\form.php on line 67.
 1 APPPATH\Views\_front-pages\_contacte-nos\form.php(67): CodeIgniter\Debug\Exceptions->errorHandler(2, 'Undefined variable $data', 'APPPATH\\Views\\_front-pages\\_contacte-nos\\form.php', 67)
 2 SYSTEMPATH\View\View.php(213): include('APPPATH\\Views\\_front-pages\\_contacte-nos\\form.php')
 3 SYSTEMPATH\View\View.php(216): CodeIgniter\View\View->CodeIgniter\View\{closure}()
 4 SYSTEMPATH\Common.php(1184): CodeIgniter\View\View->render('_front-pages/_contacte-nos/form', [], true)
 5 APPPATH\Views\contacte-nos.php(29): view('_front-pages/_contacte-nos/form')
 6 SYSTEMPATH\View\View.php(213): include('APPPATH\\Views\\contacte-nos.php')
 7 SYSTEMPATH\View\View.php(216): CodeIgniter\View\View->CodeIgniter\View\{closure}()
 8 SYSTEMPATH\Common.php(1184): CodeIgniter\View\View->render('contacte-nos', [], true)
 9 APPPATH\Controllers\Home.php(73): view('contacte-nos', [...])
10 SYSTEMPATH\CodeIgniter.php(934): App\Controllers\Home->contactos()
11 SYSTEMPATH\CodeIgniter.php(499): CodeIgniter\CodeIgniter->runController(Object(App\Controllers\Home))
12 SYSTEMPATH\CodeIgniter.php(368): CodeIgniter\CodeIgniter->handleRequest(null, Object(Config\Cache), false)
13 FCPATH\index.php(67): CodeIgniter\CodeIgniter->run()
CRITICAL - 2024-12-11 12:50:59 --> "min_lenght" is not a valid rule.
in SYSTEMPATH\Validation\Validation.php on line 320.
 1 SYSTEMPATH\Validation\Validation.php(320): CodeIgniter\Validation\Exceptions\ValidationException::forRuleNotFound('min_lenght')
 2 SYSTEMPATH\Validation\Validation.php(170): CodeIgniter\Validation\Validation->processRules('nome', 'nome', 'aa', [...], [...])
 3 SYSTEMPATH\Controller.php(140): CodeIgniter\Validation\Validation->run()
 4 APPPATH\Controllers\Home.php(56): CodeIgniter\Controller->validate([...])
 5 SYSTEMPATH\CodeIgniter.php(934): App\Controllers\Home->contactos()
 6 SYSTEMPATH\CodeIgniter.php(499): CodeIgniter\CodeIgniter->runController(Object(App\Controllers\Home))
 7 SYSTEMPATH\CodeIgniter.php(368): CodeIgniter\CodeIgniter->handleRequest(null, Object(Config\Cache), false)
 8 FCPATH\index.php(67): CodeIgniter\CodeIgniter->run()
CRITICAL - 2024-12-11 12:52:35 --> "minlength" is not a valid rule.
in SYSTEMPATH\Validation\Validation.php on line 320.
 1 SYSTEMPATH\Validation\Validation.php(320): CodeIgniter\Validation\Exceptions\ValidationException::forRuleNotFound('minlength')
 2 SYSTEMPATH\Validation\Validation.php(170): CodeIgniter\Validation\Validation->processRules('nome', 'nome', 'aa', [...], [...])
 3 SYSTEMPATH\Controller.php(140): CodeIgniter\Validation\Validation->run()
 4 APPPATH\Controllers\Home.php(56): CodeIgniter\Controller->validate([...])
 5 SYSTEMPATH\CodeIgniter.php(934): App\Controllers\Home->contactos()
 6 SYSTEMPATH\CodeIgniter.php(499): CodeIgniter\CodeIgniter->runController(Object(App\Controllers\Home))
 7 SYSTEMPATH\CodeIgniter.php(368): CodeIgniter\CodeIgniter->handleRequest(null, Object(Config\Cache), false)
 8 FCPATH\index.php(67): CodeIgniter\CodeIgniter->run()
CRITICAL - 2024-12-11 12:55:03 --> Undefined variable $validation
in APPPATH\Views\_front-pages\_contacte-nos\form.php on line 67.
 1 APPPATH\Views\_front-pages\_contacte-nos\form.php(67): CodeIgniter\Debug\Exceptions->errorHandler(2, 'Undefined variable $validation', 'APPPATH\\Views\\_front-pages\\_contacte-nos\\form.php', 67)
 2 SYSTEMPATH\View\View.php(213): include('APPPATH\\Views\\_front-pages\\_contacte-nos\\form.php')
 3 SYSTEMPATH\View\View.php(216): CodeIgniter\View\View->CodeIgniter\View\{closure}()
 4 SYSTEMPATH\Common.php(1184): CodeIgniter\View\View->render('_front-pages/_contacte-nos/form', [], true)
 5 APPPATH\Views\contacte-nos.php(29): view('_front-pages/_contacte-nos/form')
 6 SYSTEMPATH\View\View.php(213): include('APPPATH\\Views\\contacte-nos.php')
 7 SYSTEMPATH\View\View.php(216): CodeIgniter\View\View->CodeIgniter\View\{closure}()
 8 SYSTEMPATH\Common.php(1184): CodeIgniter\View\View->render('contacte-nos', [], true)
 9 APPPATH\Controllers\Home.php(73): view('contacte-nos', [...])
10 SYSTEMPATH\CodeIgniter.php(934): App\Controllers\Home->contactos()
11 SYSTEMPATH\CodeIgniter.php(499): CodeIgniter\CodeIgniter->runController(Object(App\Controllers\Home))
12 SYSTEMPATH\CodeIgniter.php(368): CodeIgniter\CodeIgniter->handleRequest(null, Object(Config\Cache), false)
13 FCPATH\index.php(67): CodeIgniter\CodeIgniter->run()
CRITICAL - 2024-12-11 12:57:09 --> Undefined variable $header_title
in APPPATH\Views\contacte-nos.php on line 8.
 1 APPPATH\Views\contacte-nos.php(8): CodeIgniter\Debug\Exceptions->errorHandler(2, 'Undefined variable $header_title', 'APPPATH\\Views\\contacte-nos.php', 8)
 2 SYSTEMPATH\View\View.php(213): include('APPPATH\\Views\\contacte-nos.php')
 3 SYSTEMPATH\View\View.php(216): CodeIgniter\View\View->CodeIgniter\View\{closure}()
 4 SYSTEMPATH\Common.php(1184): CodeIgniter\View\View->render('contacte-nos', [], true)
 5 APPPATH\Controllers\Home.php(73): view('contacte-nos', [...])
 6 SYSTEMPATH\CodeIgniter.php(934): App\Controllers\Home->contactos()
 7 SYSTEMPATH\CodeIgniter.php(499): CodeIgniter\CodeIgniter->runController(Object(App\Controllers\Home))
 8 SYSTEMPATH\CodeIgniter.php(368): CodeIgniter\CodeIgniter->handleRequest(null, Object(Config\Cache), false)
 9 FCPATH\index.php(67): CodeIgniter\CodeIgniter->run()
CRITICAL - 2024-12-11 12:57:52 --> syntax error, unexpected token ";"
in APPPATH\Views\contacte-nos.php on line 8.
 1 SYSTEMPATH\View\View.php(216): CodeIgniter\View\View->CodeIgniter\View\{closure}()
 2 SYSTEMPATH\Common.php(1184): CodeIgniter\View\View->render('contacte-nos', [], true)
 3 APPPATH\Controllers\Home.php(73): view('contacte-nos', [...])
 4 SYSTEMPATH\CodeIgniter.php(934): App\Controllers\Home->contactos()
 5 SYSTEMPATH\CodeIgniter.php(499): CodeIgniter\CodeIgniter->runController(Object(App\Controllers\Home))
 6 SYSTEMPATH\CodeIgniter.php(368): CodeIgniter\CodeIgniter->handleRequest(null, Object(Config\Cache), false)
 7 FCPATH\index.php(67): CodeIgniter\CodeIgniter->run()
CRITICAL - 2024-12-11 14:13:03 --> Call to undefined function display_error()
in APPPATH\Views\_front-pages\_contacte-nos\form.php on line 46.
 1 SYSTEMPATH\View\View.php(213): include()
 2 SYSTEMPATH\View\View.php(216): CodeIgniter\View\View->CodeIgniter\View\{closure}()
 3 SYSTEMPATH\Common.php(1184): CodeIgniter\View\View->render('_front-pages/_contacte-nos/form', [], true)
 4 APPPATH\Views\contacte-nos.php(29): view('_front-pages/_contacte-nos/form')
 5 SYSTEMPATH\View\View.php(213): include('APPPATH\\Views\\contacte-nos.php')
 6 SYSTEMPATH\View\View.php(216): CodeIgniter\View\View->CodeIgniter\View\{closure}()
 7 SYSTEMPATH\Common.php(1184): CodeIgniter\View\View->render('contacte-nos', [], true)
 8 APPPATH\Controllers\Home.php(65): view('contacte-nos', [...])
 9 SYSTEMPATH\CodeIgniter.php(934): App\Controllers\Home->contactos()
10 SYSTEMPATH\CodeIgniter.php(499): CodeIgniter\CodeIgniter->runController(Object(App\Controllers\Home))
11 SYSTEMPATH\CodeIgniter.php(368): CodeIgniter\CodeIgniter->handleRequest(null, Object(Config\Cache), false)
12 FCPATH\index.php(67): CodeIgniter\CodeIgniter->run()
CRITICAL - 2024-12-11 14:13:34 --> Call to undefined function display_error()
in APPPATH\Views\_front-pages\_contacte-nos\form.php on line 46.
 1 SYSTEMPATH\View\View.php(213): include()
 2 SYSTEMPATH\View\View.php(216): CodeIgniter\View\View->CodeIgniter\View\{closure}()
 3 SYSTEMPATH\Common.php(1184): CodeIgniter\View\View->render('_front-pages/_contacte-nos/form', [], true)
 4 APPPATH\Views\contacte-nos.php(29): view('_front-pages/_contacte-nos/form')
 5 SYSTEMPATH\View\View.php(213): include('APPPATH\\Views\\contacte-nos.php')
 6 SYSTEMPATH\View\View.php(216): CodeIgniter\View\View->CodeIgniter\View\{closure}()
 7 SYSTEMPATH\Common.php(1184): CodeIgniter\View\View->render('contacte-nos', [], true)
 8 APPPATH\Controllers\Home.php(65): view('contacte-nos', [...])
 9 SYSTEMPATH\CodeIgniter.php(934): App\Controllers\Home->contactos()
10 SYSTEMPATH\CodeIgniter.php(499): CodeIgniter\CodeIgniter->runController(Object(App\Controllers\Home))
11 SYSTEMPATH\CodeIgniter.php(368): CodeIgniter\CodeIgniter->handleRequest(null, Object(Config\Cache), false)
12 FCPATH\index.php(67): CodeIgniter\CodeIgniter->run()
CRITICAL - 2024-12-11 14:15:45 --> Call to undefined function display_error()
in APPPATH\Views\_front-pages\_contacte-nos\form.php on line 46.
 1 SYSTEMPATH\View\View.php(213): include()
 2 SYSTEMPATH\View\View.php(216): CodeIgniter\View\View->CodeIgniter\View\{closure}()
 3 SYSTEMPATH\Common.php(1184): CodeIgniter\View\View->render('_front-pages/_contacte-nos/form', [], true)
 4 APPPATH\Views\contacte-nos.php(29): view('_front-pages/_contacte-nos/form')
 5 SYSTEMPATH\View\View.php(213): include('APPPATH\\Views\\contacte-nos.php')
 6 SYSTEMPATH\View\View.php(216): CodeIgniter\View\View->CodeIgniter\View\{closure}()
 7 SYSTEMPATH\Common.php(1184): CodeIgniter\View\View->render('contacte-nos', [], true)
 8 APPPATH\Controllers\Home.php(72): view('contacte-nos', [...])
 9 SYSTEMPATH\CodeIgniter.php(934): App\Controllers\Home->contactos()
10 SYSTEMPATH\CodeIgniter.php(499): CodeIgniter\CodeIgniter->runController(Object(App\Controllers\Home))
11 SYSTEMPATH\CodeIgniter.php(368): CodeIgniter\CodeIgniter->handleRequest(null, Object(Config\Cache), false)
12 FCPATH\index.php(67): CodeIgniter\CodeIgniter->run()
CRITICAL - 2024-12-11 14:16:44 --> Call to undefined function display_errors()
in APPPATH\Views\_front-pages\_contacte-nos\form.php on line 46.
 1 SYSTEMPATH\View\View.php(213): include()
 2 SYSTEMPATH\View\View.php(216): CodeIgniter\View\View->CodeIgniter\View\{closure}()
 3 SYSTEMPATH\Common.php(1184): CodeIgniter\View\View->render('_front-pages/_contacte-nos/form', [], true)
 4 APPPATH\Views\contacte-nos.php(29): view('_front-pages/_contacte-nos/form')
 5 SYSTEMPATH\View\View.php(213): include('APPPATH\\Views\\contacte-nos.php')
 6 SYSTEMPATH\View\View.php(216): CodeIgniter\View\View->CodeIgniter\View\{closure}()
 7 SYSTEMPATH\Common.php(1184): CodeIgniter\View\View->render('contacte-nos', [], true)
 8 APPPATH\Controllers\Home.php(72): view('contacte-nos', [...])
 9 SYSTEMPATH\CodeIgniter.php(934): App\Controllers\Home->contactos()
10 SYSTEMPATH\CodeIgniter.php(499): CodeIgniter\CodeIgniter->runController(Object(App\Controllers\Home))
11 SYSTEMPATH\CodeIgniter.php(368): CodeIgniter\CodeIgniter->handleRequest(null, Object(Config\Cache), false)
12 FCPATH\index.php(67): CodeIgniter\CodeIgniter->run()
CRITICAL - 2024-12-11 14:18:45 --> Cannot use [] for reading
in APPPATH\Controllers\Home.php on line 43.
 1 [internal function]: CodeIgniter\Debug\Exceptions->shutdownHandler()
CRITICAL - 2024-12-11 14:19:23 --> Call to undefined function display_error()
in APPPATH\Views\_front-pages\_contacte-nos\form.php on line 46.
 1 SYSTEMPATH\View\View.php(213): include()
 2 SYSTEMPATH\View\View.php(216): CodeIgniter\View\View->CodeIgniter\View\{closure}()
 3 SYSTEMPATH\Common.php(1184): CodeIgniter\View\View->render('_front-pages/_contacte-nos/form', [], true)
 4 APPPATH\Views\contacte-nos.php(29): view('_front-pages/_contacte-nos/form')
 5 SYSTEMPATH\View\View.php(213): include('APPPATH\\Views\\contacte-nos.php')
 6 SYSTEMPATH\View\View.php(216): CodeIgniter\View\View->CodeIgniter\View\{closure}()
 7 SYSTEMPATH\Common.php(1184): CodeIgniter\View\View->render('contacte-nos', [], true)
 8 APPPATH\Controllers\Home.php(73): view('contacte-nos', [...])
 9 SYSTEMPATH\CodeIgniter.php(934): App\Controllers\Home->contactos()
10 SYSTEMPATH\CodeIgniter.php(499): CodeIgniter\CodeIgniter->runController(Object(App\Controllers\Home))
11 SYSTEMPATH\CodeIgniter.php(368): CodeIgniter\CodeIgniter->handleRequest(null, Object(Config\Cache), false)
12 FCPATH\index.php(67): CodeIgniter\CodeIgniter->run()
CRITICAL - 2024-12-11 14:21:11 --> Call to undefined function display_error()
in APPPATH\Views\_front-pages\_contacte-nos\form.php on line 46.
 1 SYSTEMPATH\View\View.php(213): include()
 2 SYSTEMPATH\View\View.php(216): CodeIgniter\View\View->CodeIgniter\View\{closure}()
 3 SYSTEMPATH\Common.php(1184): CodeIgniter\View\View->render('_front-pages/_contacte-nos/form', [], true)
 4 APPPATH\Views\contacte-nos.php(29): view('_front-pages/_contacte-nos/form')
 5 SYSTEMPATH\View\View.php(213): include('APPPATH\\Views\\contacte-nos.php')
 6 SYSTEMPATH\View\View.php(216): CodeIgniter\View\View->CodeIgniter\View\{closure}()
 7 SYSTEMPATH\Common.php(1184): CodeIgniter\View\View->render('contacte-nos', [], true)
 8 APPPATH\Controllers\Home.php(73): view('contacte-nos', [...])
 9 SYSTEMPATH\CodeIgniter.php(934): App\Controllers\Home->contactos()
10 SYSTEMPATH\CodeIgniter.php(499): CodeIgniter\CodeIgniter->runController(Object(App\Controllers\Home))
11 SYSTEMPATH\CodeIgniter.php(368): CodeIgniter\CodeIgniter->handleRequest(null, Object(Config\Cache), false)
12 FCPATH\index.php(67): CodeIgniter\CodeIgniter->run()
